<?xml version="1.0" encoding="UTF-8"?>
<testng-results skipped="0" failed="0" total="1" passed="1">
  <reporter-output>
    <line>
      <![CDATA[Home page is displayed]]>
    </line>
    <line>
      <![CDATA[Test testValidLogin is PASS]]>
    </line>
  </reporter-output>
  <suite name="Default suite" duration-ms="9882" started-at="2019-03-01T08:41:15Z" finished-at="2019-03-01T08:41:25Z">
    <groups>
    </groups>
    <test name="Default test" duration-ms="9882" started-at="2019-03-01T08:41:15Z" finished-at="2019-03-01T08:41:25Z">
      <class name="script.ValidLogin">
        <test-method status="PASS" signature="openApp()[pri:0, instance:script.ValidLogin@4678c730]" name="openApp" is-config="true" duration-ms="5176" started-at="2019-03-01T14:11:15Z" finished-at="2019-03-01T14:11:20Z">
          <reporter-output>
          </reporter-output>
        </test-method> <!-- openApp -->
        <test-method status="PASS" signature="testValidLogin()[pri:1, instance:script.ValidLogin@4678c730]" name="testValidLogin" duration-ms="2505" started-at="2019-03-01T14:11:20Z" finished-at="2019-03-01T14:11:22Z">
          <reporter-output>
            <line>
              <![CDATA[Home page is displayed]]>
            </line>
          </reporter-output>
        </test-method> <!-- testValidLogin -->
        <test-method status="PASS" signature="closeApp(org.testng.ITestResult)[pri:0, instance:script.ValidLogin@4678c730]" name="closeApp" is-config="true" duration-ms="2183" started-at="2019-03-01T14:11:22Z" finished-at="2019-03-01T14:11:25Z">
          <params>
            <param index="0">
              <value>
                <![CDATA[[TestResult name=testValidLogin status=SUCCESS method=ValidLogin.testValidLogin()[pri:1, instance:script.ValidLogin@4678c730] output=Home page is displayed]]]>
              </value>
            </param>
          </params>
          <reporter-output>
            <line>
              <![CDATA[Test testValidLogin is PASS]]>
            </line>
          </reporter-output>
        </test-method> <!-- closeApp -->
      </class> <!-- script.ValidLogin -->
    </test> <!-- Default test -->
  </suite> <!-- Default suite -->
</testng-results>
