<?xml version="1.0" encoding="UTF-8"?>
<!-- Generated by org.testng.reporters.JUnitXMLReporter -->
<testsuite hostname="DESKTOP-I95JGMB" name="Test" tests="2" failures="1" timestamp="28 Feb 2019 06:37:32 GMT" time="15.557" errors="0">
  <testcase name="testDemoA" time="0.008" classname="script.Demo"/>
  <testcase name="testDemoB" time="0.012" classname="script.Demo">
    <failure type="java.lang.AssertionError" message="null">
      <![CDATA[java.lang.AssertionError: null
	at script.Demo.testDemoB(Demo.java:27)
... Removed 27 stack frames]]>
    </failure>
  </testcase> <!-- testDemoB -->
</testsuite> <!-- Test -->
